0 info it worked if it ends with ok
1 verbose cli [ '/usr/bin/nodejs', '/usr/bin/npm', 'run', 'backend' ]
2 info using npm@3.5.2
3 info using node@v4.2.6
4 verbose run-script [ 'prebackend', 'backend', 'postbackend' ]
5 info lifecycle react_express_todo@0.0.1~prebackend: react_express_todo@0.0.1
6 silly lifecycle react_express_todo@0.0.1~prebackend: no script for prebackend, continuing
7 info lifecycle react_express_todo@0.0.1~backend: react_express_todo@0.0.1
8 verbose lifecycle react_express_todo@0.0.1~backend: unsafe-perm in lifecycle true
9 verbose lifecycle react_express_todo@0.0.1~backend: PATH: /usr/share/npm/bin/node-gyp-bin:/home/rodrigo/Dev/Javascript/Node/react_express_todo/node_modules/.bin:/home/rodrigo/bin:/home/rodrigo/.local/bin:/usr/local/sbin:/usr/local/bin:/usr/sbin:/usr/bin:/sbin:/bin:/usr/games:/usr/local/games:/snap/bin:/usr/lib/jvm/java-8-oracle/bin:/usr/lib/jvm/java-8-oracle/db/bin:/usr/lib/jvm/java-8-oracle/jre/bin
10 verbose lifecycle react_express_todo@0.0.1~backend: CWD: /home/rodrigo/Dev/Javascript/Node/react_express_todo
11 silly lifecycle react_express_todo@0.0.1~backend: Args: [ '-c', 'NODE_ENV=dev babel-node app.js backend/app.js' ]
12 info lifecycle react_express_todo@0.0.1~backend: Failed to exec backend script
13 verbose stack Error: react_express_todo@0.0.1 backend: `NODE_ENV=dev babel-node app.js backend/app.js`
13 verbose stack spawn ENOENT
13 verbose stack     at ChildProcess.<anonymous> (/usr/share/npm/lib/utils/spawn.js:17:16)
13 verbose stack     at emitTwo (events.js:87:13)
13 verbose stack     at ChildProcess.emit (events.js:172:7)
13 verbose stack     at maybeClose (internal/child_process.js:821:16)
13 verbose stack     at Process.ChildProcess._handle.onexit (internal/child_process.js:211:5)
14 verbose pkgid react_express_todo@0.0.1
15 verbose cwd /home/rodrigo/Dev/Javascript/Node/react_express_todo
16 error Linux 4.4.0-72-generic
17 error argv "/usr/bin/nodejs" "/usr/bin/npm" "run" "backend"
18 error node v4.2.6
19 error npm  v3.5.2
20 error file sh
21 error code ELIFECYCLE
22 error errno ENOENT
23 error syscall spawn
24 error react_express_todo@0.0.1 backend: `NODE_ENV=dev babel-node app.js backend/app.js`
24 error spawn ENOENT
25 error Failed at the react_express_todo@0.0.1 backend script 'NODE_ENV=dev babel-node app.js backend/app.js'.
25 error Make sure you have the latest version of node.js and npm installed.
25 error If you do, this is most likely a problem with the react_express_todo package,
25 error not with npm itself.
25 error Tell the author that this fails on your system:
25 error     NODE_ENV=dev babel-node app.js backend/app.js
25 error You can get information on how to open an issue for this project with:
25 error     npm bugs react_express_todo
25 error Or if that isn't available, you can get their info via:
25 error     npm owner ls react_express_todo
25 error There is likely additional logging output above.
26 verbose exit [ 1, true ]
